build/app/intermediates/manifest_merge_blame_file/debug/processDebugMainManifest/manifest-merger-blame-debug-report.txt
1<?xml version="1.0" encoding="utf-8"?>
2<manifest xmlns:android="http://schemas.android.com/apk/res/android"
3    package="com.example.dialdesk"
4    android:versionCode="1"
5    android:versionName="1.0.0" >
6
7    <uses-sdk
8        android:minSdkVersion="21"
9        android:targetSdkVersion="35" />
10    <!--
11         The INTERNET permission is required for development. Specifically,
12         the Flutter tool needs it to communicate with the running application
13         to allow setting breakpoints, to provide hot reload, etc.
14    -->
15    <uses-permission android:name="android.permission.INTERNET" />
15-->src\main\AndroidManifest.xml:21:5-67
15-->src\main\AndroidManifest.xml:21:22-64
16    <!-- Phone calling permissions -->
17    <uses-permission android:name="android.permission.CALL_PHONE" />
17-->src\main\AndroidManifest.xml:4:5-69
17-->src\main\AndroidManifest.xml:4:22-66
18    <uses-permission android:name="android.permission.READ_PHONE_STATE" /> <!-- Storage permissions for Excel import/export -->
18-->src\main\AndroidManifest.xml:5:5-75
18-->src\main\AndroidManifest.xml:5:22-72
19    <uses-permission android:name="android.permission.READ_EXTERNAL_STORAGE" />
19-->src\main\AndroidManifest.xml:8:5-80
19-->src\main\AndroidManifest.xml:8:22-77
20    <uses-permission android:name="android.permission.WRITE_EXTERNAL_STORAGE" /> <!-- Background service permissions -->
20-->src\main\AndroidManifest.xml:9:5-81
20-->src\main\AndroidManifest.xml:9:22-78
21    <uses-permission android:name="android.permission.FOREGROUND_SERVICE" />
21-->src\main\AndroidManifest.xml:12:5-77
21-->src\main\AndroidManifest.xml:12:22-74
22    <uses-permission android:name="android.permission.WAKE_LOCK" />
22-->src\main\AndroidManifest.xml:13:5-68
22-->src\main\AndroidManifest.xml:13:22-65
23    <uses-permission android:name="android.permission.RECEIVE_BOOT_COMPLETED" /> <!-- System alert window for floating UI (optional) -->
23-->src\main\AndroidManifest.xml:14:5-81
23-->src\main\AndroidManifest.xml:14:22-78
24    <uses-permission android:name="android.permission.SYSTEM_ALERT_WINDOW" /> <!-- Other permissions -->
24-->src\main\AndroidManifest.xml:17:5-78
24-->src\main\AndroidManifest.xml:17:22-75
25    <uses-permission android:name="android.permission.VIBRATE" />
25-->src\main\AndroidManifest.xml:20:5-66
25-->src\main\AndroidManifest.xml:20:22-63
26    <!--
27 Required to query activities that can process text, see:
28         https://developer.android.com/training/package-visibility and
29         https://developer.android.com/reference/android/content/Intent#ACTION_PROCESS_TEXT.
30
31         In particular, this is used by the Flutter engine in io.flutter.plugin.text.ProcessTextPlugin.
32    -->
33    <queries>
33-->src\main\AndroidManifest.xml:72:5-77:15
34        <intent>
34-->src\main\AndroidManifest.xml:73:9-76:18
35            <action android:name="android.intent.action.PROCESS_TEXT" />
35-->src\main\AndroidManifest.xml:74:13-72
35-->src\main\AndroidManifest.xml:74:21-70
36
37            <data android:mimeType="text/plain" />
37-->src\main\AndroidManifest.xml:75:13-50
37-->src\main\AndroidManifest.xml:75:19-48
38        </intent>
39        <intent>
39-->[:file_picker] AndroidManifest.xml:8:9-12:18
40            <action android:name="android.intent.action.GET_CONTENT" />
40-->[:file_picker] AndroidManifest.xml:9:13-72
40-->[:file_picker] AndroidManifest.xml:9:21-69
41
42            <data android:mimeType="*/*" />
42-->src\main\AndroidManifest.xml:75:13-50
42-->src\main\AndroidManifest.xml:75:19-48
43        </intent>
44    </queries>
45
46    <uses-feature
46-->[:flutter_phone_direct_caller] AndroidManifest.xml:9:5-11:36
47        android:name="android.hardware.telephony"
47-->[:flutter_phone_direct_caller] AndroidManifest.xml:10:9-50
48        android:required="false" />
48-->[:flutter_phone_direct_caller] AndroidManifest.xml:11:9-33
49
50    <permission
50-->[androidx.core:core:1.13.1] AndroidManifest.xml:22:5-24:47
51        android:name="com.example.dialdesk.DYNAMIC_RECEIVER_NOT_EXPORTED_PERMISSION"
51-->[androidx.core:core:1.13.1] AndroidManifest.xml:23:9-81
52        android:protectionLevel="signature" />
52-->[androidx.core:core:1.13.1] AndroidManifest.xml:24:9-44
53
54    <uses-permission android:name="com.example.dialdesk.DYNAMIC_RECEIVER_NOT_EXPORTED_PERMISSION" />
54-->[androidx.core:core:1.13.1] AndroidManifest.xml:26:5-97
54-->[androidx.core:core:1.13.1] AndroidManifest.xml:26:22-94
55
56    <application
57        android:name="android.app.Application"
58        android:appComponentFactory="androidx.core.app.CoreComponentFactory"
58-->[androidx.core:core:1.13.1] AndroidManifest.xml:28:18-86
59        android:debuggable="true"
60        android:extractNativeLibs="true"
61        android:icon="@mipmap/launcher_icon"
62        android:label="dialdesk"
63        android:requestLegacyExternalStorage="true" >
64        <activity
65            android:name="com.example.dialdesk.MainActivity"
66            android:configChanges="orientation|keyboardHidden|keyboard|screenSize|smallestScreenSize|locale|layoutDirection|fontScale|screenLayout|density|uiMode"
67            android:exported="true"
68            android:hardwareAccelerated="true"
69            android:launchMode="singleTop"
70            android:taskAffinity=""
71            android:theme="@style/LaunchTheme"
72            android:windowSoftInputMode="adjustResize" >
73
74            <!--
75                 Specifies an Android theme to apply to this Activity as soon as
76                 the Android process has started. This theme is visible to the user
77                 while the Flutter UI initializes. After that, this theme continues
78                 to determine the Window background behind the Flutter UI.
79            -->
80            <meta-data
81                android:name="io.flutter.embedding.android.NormalTheme"
82                android:resource="@style/NormalTheme" />
83
84            <intent-filter>
85                <action android:name="android.intent.action.MAIN" />
86
87                <category android:name="android.intent.category.LAUNCHER" />
88            </intent-filter>
89        </activity>
90        <!--
91             Don't delete the meta-data below.
92             This is used by the Flutter tool to generate GeneratedPluginRegistrant.java
93        -->
94        <meta-data
95            android:name="flutterEmbedding"
96            android:value="2" />
97
98        <!-- Background service -->
99        <service
100            android:name="id.flutter.flutter_background_service.BackgroundService"
101            android:enabled="true"
101-->[:flutter_background_service_android] AndroidManifest.xml:14:13-35
102            android:exported="true"
103            android:foregroundServiceType="phoneCall"
104            android:stopWithTask="false" />
104-->[:flutter_background_service_android] AndroidManifest.xml:16:13-41
105
106        <!-- Notification channel for background service -->
107        <meta-data
108            android:name="com.google.firebase.messaging.default_notification_channel_id"
109            android:value="dialdesk_calling_service" />
110        <!--
111           Declares a provider which allows us to store files to share in
112           '.../caches/share_plus' and grant the receiving action access
113        -->
114        <provider
114-->[:share_plus] AndroidManifest.xml:13:9-21:20
115            android:name="dev.fluttercommunity.plus.share.ShareFileProvider"
115-->[:share_plus] AndroidManifest.xml:14:13-77
116            android:authorities="com.example.dialdesk.flutter.share_provider"
116-->[:share_plus] AndroidManifest.xml:15:13-74
117            android:exported="false"
117-->[:share_plus] AndroidManifest.xml:16:13-37
118            android:grantUriPermissions="true" >
118-->[:share_plus] AndroidManifest.xml:17:13-47
119            <meta-data
119-->[:share_plus] AndroidManifest.xml:18:13-20:68
120                android:name="android.support.FILE_PROVIDER_PATHS"
120-->[:share_plus] AndroidManifest.xml:19:17-67
121                android:resource="@xml/flutter_share_file_paths" />
121-->[:share_plus] AndroidManifest.xml:20:17-65
122        </provider>
123        <!--
124           This manifest declared broadcast receiver allows us to use an explicit
125           Intent when creating a PendingItent to be informed of the user's choice
126        -->
127        <receiver
127-->[:share_plus] AndroidManifest.xml:26:9-32:20
128            android:name="dev.fluttercommunity.plus.share.SharePlusPendingIntent"
128-->[:share_plus] AndroidManifest.xml:27:13-82
129            android:exported="false" >
129-->[:share_plus] AndroidManifest.xml:28:13-37
130            <intent-filter>
130-->[:share_plus] AndroidManifest.xml:29:13-31:29
131                <action android:name="EXTRA_CHOSEN_COMPONENT" />
131-->[:share_plus] AndroidManifest.xml:30:17-65
131-->[:share_plus] AndroidManifest.xml:30:25-62
132            </intent-filter>
133        </receiver>
134
135        <provider
135-->[:open_file_android] AndroidManifest.xml:9:9-19:20
136            android:name="com.crazecoder.openfile.FileProvider"
136-->[:open_file_android] AndroidManifest.xml:10:13-64
137            android:authorities="com.example.dialdesk.fileProvider.com.crazecoder.openfile"
137-->[:open_file_android] AndroidManifest.xml:11:13-88
138            android:exported="false"
138-->[:open_file_android] AndroidManifest.xml:12:13-37
139            android:grantUriPermissions="true"
139-->[:open_file_android] AndroidManifest.xml:13:13-47
140            android:requestLegacyExternalStorage="true" >
140-->[:open_file_android] AndroidManifest.xml:14:13-56
141            <meta-data
141-->[:share_plus] AndroidManifest.xml:18:13-20:68
142                android:name="android.support.FILE_PROVIDER_PATHS"
142-->[:share_plus] AndroidManifest.xml:19:17-67
143                android:resource="@xml/filepaths" />
143-->[:share_plus] AndroidManifest.xml:20:17-65
144        </provider>
145
146        <receiver
146-->[:flutter_background_service_android] AndroidManifest.xml:18:9-21:39
147            android:name="id.flutter.flutter_background_service.WatchdogReceiver"
147-->[:flutter_background_service_android] AndroidManifest.xml:19:13-82
148            android:enabled="true"
148-->[:flutter_background_service_android] AndroidManifest.xml:20:13-35
149            android:exported="true" />
149-->[:flutter_background_service_android] AndroidManifest.xml:21:13-36
150        <receiver
150-->[:flutter_background_service_android] AndroidManifest.xml:22:9-31:20
151            android:name="id.flutter.flutter_background_service.BootReceiver"
151-->[:flutter_background_service_android] AndroidManifest.xml:23:13-78
152            android:enabled="true"
152-->[:flutter_background_service_android] AndroidManifest.xml:24:13-35
153            android:exported="true" >
153-->[:flutter_background_service_android] AndroidManifest.xml:25:13-36
154            <intent-filter>
154-->[:flutter_background_service_android] AndroidManifest.xml:26:13-30:29
155                <action android:name="android.intent.action.BOOT_COMPLETED" />
155-->[:flutter_background_service_android] AndroidManifest.xml:27:17-79
155-->[:flutter_background_service_android] AndroidManifest.xml:27:25-76
156                <action android:name="android.intent.action.QUICKBOOT_POWERON" />
156-->[:flutter_background_service_android] AndroidManifest.xml:28:17-82
156-->[:flutter_background_service_android] AndroidManifest.xml:28:25-79
157                <action android:name="android.intent.action.MY_PACKAGE_REPLACED" />
157-->[:flutter_background_service_android] AndroidManifest.xml:29:17-84
157-->[:flutter_background_service_android] AndroidManifest.xml:29:25-81
158            </intent-filter>
159        </receiver>
160
161        <uses-library
161-->[androidx.window:window:1.2.0] AndroidManifest.xml:23:9-25:40
162            android:name="androidx.window.extensions"
162-->[androidx.window:window:1.2.0] AndroidManifest.xml:24:13-54
163            android:required="false" />
163-->[androidx.window:window:1.2.0] AndroidManifest.xml:25:13-37
164        <uses-library
164-->[androidx.window:window:1.2.0] AndroidManifest.xml:26:9-28:40
165            android:name="androidx.window.sidecar"
165-->[androidx.window:window:1.2.0] AndroidManifest.xml:27:13-51
166            android:required="false" />
166-->[androidx.window:window:1.2.0] AndroidManifest.xml:28:13-37
167
168        <provider
168-->[androidx.emoji2:emoji2:1.2.0] AndroidManifest.xml:24:9-32:20
169            android:name="androidx.startup.InitializationProvider"
169-->[androidx.emoji2:emoji2:1.2.0] AndroidManifest.xml:25:13-67
170            android:authorities="com.example.dialdesk.androidx-startup"
170-->[androidx.emoji2:emoji2:1.2.0] AndroidManifest.xml:26:13-68
171            android:exported="false" >
171-->[androidx.emoji2:emoji2:1.2.0] AndroidManifest.xml:27:13-37
172            <meta-data
172-->[androidx.emoji2:emoji2:1.2.0] AndroidManifest.xml:29:13-31:52
173                android:name="androidx.emoji2.text.EmojiCompatInitializer"
173-->[androidx.emoji2:emoji2:1.2.0] AndroidManifest.xml:30:17-75
174                android:value="androidx.startup" />
174-->[androidx.emoji2:emoji2:1.2.0] AndroidManifest.xml:31:17-49
175            <meta-data
175-->[androidx.lifecycle:lifecycle-process:2.7.0] AndroidManifest.xml:29:13-31:52
176                android:name="androidx.lifecycle.ProcessLifecycleInitializer"
176-->[androidx.lifecycle:lifecycle-process:2.7.0] AndroidManifest.xml:30:17-78
177                android:value="androidx.startup" />
177-->[androidx.lifecycle:lifecycle-process:2.7.0] AndroidManifest.xml:31:17-49
178            <meta-data
178-->[androidx.profileinstaller:profileinstaller:1.3.1] AndroidManifest.xml:29:13-31:52
179                android:name="androidx.profileinstaller.ProfileInstallerInitializer"
179-->[androidx.profileinstaller:profileinstaller:1.3.1] AndroidManifest.xml:30:17-85
180                android:value="androidx.startup" />
180-->[androidx.profileinstaller:profileinstaller:1.3.1] AndroidManifest.xml:31:17-49
181        </provider>
182
183        <receiver
183-->[androidx.profileinstaller:profileinstaller:1.3.1] AndroidManifest.xml:34:9-52:20
184            android:name="androidx.profileinstaller.ProfileInstallReceiver"
184-->[androidx.profileinstaller:profileinstaller:1.3.1] AndroidManifest.xml:35:13-76
185            android:directBootAware="false"
185-->[androidx.profileinstaller:profileinstaller:1.3.1] AndroidManifest.xml:36:13-44
186            android:enabled="true"
186-->[androidx.profileinstaller:profileinstaller:1.3.1] AndroidManifest.xml:37:13-35
187            android:exported="true"
187-->[androidx.profileinstaller:profileinstaller:1.3.1] AndroidManifest.xml:38:13-36
188            android:permission="android.permission.DUMP" >
188-->[androidx.profileinstaller:profileinstaller:1.3.1] AndroidManifest.xml:39:13-57
189            <intent-filter>
189-->[androidx.profileinstaller:profileinstaller:1.3.1] AndroidManifest.xml:40:13-42:29
190                <action android:name="androidx.profileinstaller.action.INSTALL_PROFILE" />
190-->[androidx.profileinstaller:profileinstaller:1.3.1] AndroidManifest.xml:41:17-91
190-->[androidx.profileinstaller:profileinstaller:1.3.1] AndroidManifest.xml:41:25-88
191            </intent-filter>
192            <intent-filter>
192-->[androidx.profileinstaller:profileinstaller:1.3.1] AndroidManifest.xml:43:13-45:29
193                <action android:name="androidx.profileinstaller.action.SKIP_FILE" />
193-->[androidx.profileinstaller:profileinstaller:1.3.1] AndroidManifest.xml:44:17-85
193-->[androidx.profileinstaller:profileinstaller:1.3.1] AndroidManifest.xml:44:25-82
194            </intent-filter>
195            <intent-filter>
195-->[androidx.profileinstaller:profileinstaller:1.3.1] AndroidManifest.xml:46:13-48:29
196                <action android:name="androidx.profileinstaller.action.SAVE_PROFILE" />
196-->[androidx.profileinstaller:profileinstaller:1.3.1] AndroidManifest.xml:47:17-88
196-->[androidx.profileinstaller:profileinstaller:1.3.1] AndroidManifest.xml:47:25-85
197            </intent-filter>
198            <intent-filter>
198-->[androidx.profileinstaller:profileinstaller:1.3.1] AndroidManifest.xml:49:13-51:29
199                <action android:name="androidx.profileinstaller.action.BENCHMARK_OPERATION" />
199-->[androidx.profileinstaller:profileinstaller:1.3.1] AndroidManifest.xml:50:17-95
199-->[androidx.profileinstaller:profileinstaller:1.3.1] AndroidManifest.xml:50:25-92
200            </intent-filter>
201        </receiver>
202    </application>
203
204</manifest>